-------------------------------------------------------------------------------
Test set: com.test.SampleTest
-------------------------------------------------------------------------------
Tests run: 2, Failures: 1, Errors: 0, Skipped: 0, Time elapsed: 3.245 sec <<< FAILURE! - in com.test.SampleTest
testSelect(com.test.SampleTest)  Time elapsed: 0.024 sec  <<< FAILURE!
java.lang.AssertionError: expected:<5> but was:<6>
	at org.junit.Assert.fail(Assert.java:88)
	at org.junit.Assert.failNotEquals(Assert.java:834)
	at org.junit.Assert.assertEquals(Assert.java:645)
	at org.junit.Assert.assertEquals(Assert.java:631)
	at com.test.SampleTest.testSelect(SampleTest.java:31)

