-------------------------------------------------------------------------------
Test set: com.test.SampleTest
-------------------------------------------------------------------------------
Tests run: 1, Failures: 0, Errors: 1, Skipped: 0, Time elapsed: 0.083 s <<< FAILURE! - in com.test.SampleTest
initializationError(com.test.SampleTest)  Time elapsed: 0.005 s  <<< ERROR!
java.lang.ExceptionInInitializerError
Caused by: java.lang.IllegalStateException: SpringJUnit4ClassRunner requires JUnit 4.12 or higher.

