<?xml version="1.0" encoding="UTF-8"?>
<testsuite name="com.test.SampleTest" time="0.663" tests="2" errors="0" skipped="0" failures="1">
  <properties>
[...]
</properties>
  <testcase name="insert" classname="com.test.SampleTest" time="0.068"/>
  <testcase name="testSelect" classname="com.test.SampleTest" time="0.595">
    <failure message="expected:&lt;5&gt; but was:&lt;10&gt;" type="java.lang.AssertionError"><![CDATA[java.lang.AssertionError: expected:<5> but was:<10>
	at org.junit.Assert.fail(Assert.java:88)
	at org.junit.Assert.failNotEquals(Assert.java:834)
	at org.junit.Assert.assertEquals(Assert.java:645)
	at org.junit.Assert.assertEquals(Assert.java:631)
	at com.test.SampleTest.testSelect(SampleTest.java:29)
]]></failure>
    <system-out><![CDATA[----- selectAll method test ------
Creating a new SqlSession
SqlSession [org.apache.ibatis.session.defaults.DefaultSqlSession@6c000e0c] was not registered for synchronization because synchronization is not active
INFO{dataSource-1} inited
JDBC Connection [com.mysql.jdbc.JDBC4Connection@4f449e8f] will not be managed by Spring
==>  Preparing: SELECT id,name,age,email FROM user 
==> Parameters: 
<==    Columns: id, name, age, email
<==        Row: 1, Jone, 18, test1@baomidou.com
<==        Row: 2, Jack, 20, test2@baomidou.com
<==        Row: 3, Tom, 28, test3@baomidou.com
<==        Row: 4, Sandy, 21, test4@baomidou.com
<==        Row: 5, Billie, 24, test5@baomidou.com
<==        Row: 6, 向tian, 33, 12344@qq.com
<==        Row: 7, 张三, 33, 12344@qq.com
<==        Row: 8, 张三2, 33, 12344@qq.com
<==        Row: 9, 向尚, 33, 12344@qq.com
<==        Row: 11, xiaoshi, 33, 12344@qq.com
<==      Total: 10
Closing non transactional SqlSession [org.apache.ibatis.session.defaults.DefaultSqlSession@6c000e0c]
]]></system-out>
  </testcase>
</testsuite>